========================================================================= 
Log Path: ./log/consumer_tools.txt.log 
Program Path: /home/kirvanlewis/projects/cfpb/download-pdfs.r 
Working Directory: /home/kirvanlewis/projects/cfpb 
User Name: kirvanlewis 
R Version: 4.4.1 (2024-06-14) 
Machine: penguin x86_64 
Operating System: Linux 6.6.54-05528-gdd4efe62d86b #1 SMP PREEMPT_DYNAMIC Thu, 7 Nov 2024 16:44:28 +0000 
Base Packages: stats graphics grDevices utils datasets methods base 
NULL
Log Start Time: 2025-02-09 22:14:26.025545 
========================================================================= 

Error in UseMethod("write_html") : no applicable method for 'write_html' applied to an object of class "character" 
Traceback: 
[1] "4: xml2::write_html(x = page, file = paste0(path, \"/\", link_to_name(href_q), "
[2] "       \".html\")) at #11"                                                      
[3] "3: advance_page(start_href, base_url = base_url, dead_q = href_q(restart), "    
[4] "       file_url = file_url) at #60"                                             
[5] "2: main(starter_page, base_url = base_url, file_url = file_url, "               
[6] "       restart = old_log) at #3"                                                
[7] "1: restart(starter_page = \"https://www.consumerfinance.gov/compliance/\", "    
[8] "       base_url = base_url, new_log = \"consumer_tools.txt\", old_log = logs, " 
[9] "       file_url = file_url)"                                                    

NOTE: Log Print Time:  2025-02-09 22:14:26.210306 
NOTE: Elapsed Time: 0.184457778930664 secs 

========================================================================= 
Log End Time: 2025-02-09 22:14:26.210873 
Log Elapsed Time: 0 00:00:00 
========================================================================= 
